[ 2014-09-19T10:23:32+08:00 ] 127.0.0.1 /www.weloong.net/index.php
INFO: [ app_init ] --START--
INFO: Run Behavior\BuildLiteBehavior [ RunTime:0.000018s ]
INFO: [ app_init ] --END-- [ RunTime:0.000147s ]
INFO: [ app_begin ] --START--
INFO: Run Behavior\ReadHtmlCacheBehavior [ RunTime:0.016861s ]
INFO: [ app_begin ] --END-- [ RunTime:0.016947s ]
INFO: [ view_parse ] --START--
INFO: Run Behavior\ParseTemplateBehavior [ RunTime:0.018958s ]
INFO: [ view_parse ] --END-- [ RunTime:0.019063s ]
INFO: [ view_filter ] --START--
INFO: Run Behavior\WriteHtmlCacheBehavior [ RunTime:0.001588s ]
INFO: [ view_filter ] --END-- [ RunTime:0.001667s ]
INFO: [ view_parse ] --START--
INFO: [ template_filter ] --START--
INFO: Run Behavior\ContentReplaceBehavior [ RunTime:0.000065s ]
INFO: [ template_filter ] --END-- [ RunTime:0.000186s ]
INFO: Run Behavior\ParseTemplateBehavior [ RunTime:0.071874s ]
INFO: [ view_parse ] --END-- [ RunTime:-0.011241s ]
INFO: [ view_filter ] --START--
INFO: Run Behavior\WriteHtmlCacheBehavior [ RunTime:0.000024s ]
INFO: [ view_filter ] --END-- [ RunTime:-0.081577s ]
INFO: [ app_end ] --START--
INFO: Run Behavior\ShowPageTraceBehavior [ RunTime:0.016071s ]
INFO: [ app_end ] --END-- [ RunTime:0.016165s ]

[ 2014-09-19T10:53:40+08:00 ] 127.0.0.1 /www.weloong.net/index.php
INFO: [ app_init ] --START--
INFO: Run Behavior\BuildLiteBehavior [ RunTime:0.000023s ]
INFO: [ app_init ] --END-- [ RunTime:0.000127s ]
INFO: [ app_begin ] --START--
INFO: Run Behavior\ReadHtmlCacheBehavior [ RunTime:0.011250s ]
INFO: [ app_begin ] --END-- [ RunTime:0.011380s ]
INFO: [ view_parse ] --START--
INFO: Run Behavior\ParseTemplateBehavior [ RunTime:0.011129s ]
INFO: [ view_parse ] --END-- [ RunTime:0.011255s ]
INFO: [ view_filter ] --START--
INFO: Run Behavior\WriteHtmlCacheBehavior [ RunTime:0.001189s ]
INFO: [ view_filter ] --END-- [ RunTime:0.001297s ]
INFO: [ view_parse ] --START--
INFO: [ template_filter ] --START--
INFO: Run Behavior\ContentReplaceBehavior [ RunTime:0.000058s ]
INFO: [ template_filter ] --END-- [ RunTime:0.000168s ]
INFO: Run Behavior\ParseTemplateBehavior [ RunTime:0.030306s ]
INFO: [ view_parse ] --END-- [ RunTime:-0.002390s ]
INFO: [ view_filter ] --START--
INFO: Run Behavior\WriteHtmlCacheBehavior [ RunTime:0.000018s ]
INFO: [ view_filter ] --END-- [ RunTime:-0.031490s ]
INFO: [ app_end ] --START--
INFO: Run Behavior\ShowPageTraceBehavior [ RunTime:0.007950s ]
INFO: [ app_end ] --END-- [ RunTime:0.008048s ]

[ 2014-09-19T10:54:00+08:00 ] 127.0.0.1 /www.weloong.net/index.php
INFO: [ app_init ] --START--
INFO: Run Behavior\BuildLiteBehavior [ RunTime:0.000015s ]
INFO: [ app_init ] --END-- [ RunTime:0.000075s ]
INFO: [ app_begin ] --START--
INFO: Run Behavior\ReadHtmlCacheBehavior [ RunTime:0.000721s ]
INFO: [ app_begin ] --END-- [ RunTime:0.000789s ]
INFO: [ view_parse ] --START--
INFO: Run Behavior\ParseTemplateBehavior [ RunTime:0.000476s ]
INFO: [ view_parse ] --END-- [ RunTime:0.000542s ]
INFO: [ view_filter ] --START--
INFO: Run Behavior\WriteHtmlCacheBehavior [ RunTime:0.000428s ]
INFO: [ view_filter ] --END-- [ RunTime:0.000481s ]
INFO: [ view_parse ] --START--
INFO: [ template_filter ] --START--
INFO: Run Behavior\ContentReplaceBehavior [ RunTime:0.000047s ]
INFO: [ template_filter ] --END-- [ RunTime:0.000137s ]
INFO: Run Behavior\ParseTemplateBehavior [ RunTime:0.008410s ]
INFO: [ view_parse ] --END-- [ RunTime:-0.000632s ]
INFO: [ view_filter ] --START--
INFO: Run Behavior\WriteHtmlCacheBehavior [ RunTime:0.000015s ]
INFO: [ view_filter ] --END-- [ RunTime:-0.008640s ]
INFO: [ app_end ] --START--
INFO: Run Behavior\ShowPageTraceBehavior [ RunTime:0.000778s ]
INFO: [ app_end ] --END-- [ RunTime:0.000835s ]

[ 2014-09-19T11:13:41+08:00 ] 127.0.0.1 /www.weloong.net/index.php
INFO: [ app_init ] --START--
INFO: Run Behavior\BuildLiteBehavior [ RunTime:0.000015s ]
INFO: [ app_init ] --END-- [ RunTime:0.000077s ]
INFO: [ app_begin ] --START--
INFO: Run Behavior\ReadHtmlCacheBehavior [ RunTime:0.001411s ]
INFO: [ app_begin ] --END-- [ RunTime:0.001523s ]
INFO: [ view_parse ] --START--
INFO: Run Behavior\ParseTemplateBehavior [ RunTime:0.000624s ]
INFO: [ view_parse ] --END-- [ RunTime:0.000688s ]
INFO: [ view_filter ] --START--
INFO: Run Behavior\WriteHtmlCacheBehavior [ RunTime:0.000780s ]
INFO: [ view_filter ] --END-- [ RunTime:0.000859s ]
INFO: [ view_parse ] --START--
INFO: [ template_filter ] --START--
INFO: Run Behavior\ContentReplaceBehavior [ RunTime:0.000058s ]
INFO: [ template_filter ] --END-- [ RunTime:0.000161s ]
INFO: Run Behavior\ParseTemplateBehavior [ RunTime:0.012774s ]
INFO: [ view_parse ] --END-- [ RunTime:-0.001327s ]
INFO: [ view_filter ] --START--
INFO: Run Behavior\WriteHtmlCacheBehavior [ RunTime:0.000021s ]
INFO: [ view_filter ] --END-- [ RunTime:-0.013376s ]
INFO: [ app_end ] --START--
INFO: Run Behavior\ShowPageTraceBehavior [ RunTime:0.001206s ]
INFO: [ app_end ] --END-- [ RunTime:0.001288s ]

[ 2014-09-19T11:16:27+08:00 ] 127.0.0.1 /www.weloong.net/index.php
INFO: [ app_init ] --START--
INFO: Run Behavior\BuildLiteBehavior [ RunTime:0.000014s ]
INFO: [ app_init ] --END-- [ RunTime:0.000074s ]
INFO: [ app_begin ] --START--
INFO: Run Behavior\ReadHtmlCacheBehavior [ RunTime:0.001235s ]
INFO: [ app_begin ] --END-- [ RunTime:0.001307s ]
ERR: 没有定义数据库配置

[ 2014-09-19T11:17:16+08:00 ] 127.0.0.1 /www.weloong.net/index.php
INFO: [ app_init ] --START--
INFO: Run Behavior\BuildLiteBehavior [ RunTime:0.000018s ]
INFO: [ app_init ] --END-- [ RunTime:0.000101s ]
INFO: [ app_begin ] --START--
INFO: Run Behavior\ReadHtmlCacheBehavior [ RunTime:0.000828s ]
INFO: [ app_begin ] --END-- [ RunTime:0.000899s ]
ERR: 没有定义数据库配置

[ 2014-09-19T11:18:00+08:00 ] 127.0.0.1 /www.weloong.net/index.php
INFO: [ app_init ] --START--
INFO: Run Behavior\BuildLiteBehavior [ RunTime:0.000016s ]
INFO: [ app_init ] --END-- [ RunTime:0.000079s ]
INFO: [ app_begin ] --START--
INFO: Run Behavior\ReadHtmlCacheBehavior [ RunTime:0.000752s ]
INFO: [ app_begin ] --END-- [ RunTime:0.000839s ]
ERR: 没有定义数据库配置

[ 2014-09-19T11:19:22+08:00 ] 127.0.0.1 /www.weloong.net/index.php
INFO: [ app_init ] --START--
INFO: Run Behavior\BuildLiteBehavior [ RunTime:0.000014s ]
INFO: [ app_init ] --END-- [ RunTime:0.000078s ]
NOTIC: [8] Undefined index: MYSQLDB_HOST E:\www\personal\www.weloong.net\Apps\Home\Conf\config.php 第 6 行.
NOTIC: [8] Undefined index: MYSQLDB_NAME E:\www\personal\www.weloong.net\Apps\Home\Conf\config.php 第 7 行.
NOTIC: [8] Undefined index: MYSQLDB_USER E:\www\personal\www.weloong.net\Apps\Home\Conf\config.php 第 8 行.
NOTIC: [8] Undefined index: MYSQLDB_PASSWORD E:\www\personal\www.weloong.net\Apps\Home\Conf\config.php 第 9 行.
NOTIC: [8] Undefined index: MYSQLDB_PORT E:\www\personal\www.weloong.net\Apps\Home\Conf\config.php 第 10 行.
ERR: 1046:No database selected
 [ SQL语句 ] : SHOW COLUMNS FROM `db_model\_user`
ERR: 1046:No database selected
 [ SQL语句 ] : SELECT * FROM `db_model\_user` 

[ 2014-09-19T11:20:05+08:00 ] 127.0.0.1 /www.weloong.net/index.php
INFO: [ app_init ] --START--
INFO: Run Behavior\BuildLiteBehavior [ RunTime:0.000015s ]
INFO: [ app_init ] --END-- [ RunTime:0.000075s ]
NOTIC: [8] Undefined index: MYSQLDB_HOST E:\www\personal\www.weloong.net\Apps\Home\Conf\config.php 第 6 行.
NOTIC: [8] Undefined index: MYSQLDB_NAME E:\www\personal\www.weloong.net\Apps\Home\Conf\config.php 第 7 行.
NOTIC: [8] Undefined index: MYSQLDB_USER E:\www\personal\www.weloong.net\Apps\Home\Conf\config.php 第 8 行.
NOTIC: [8] Undefined index: MYSQLDB_PASSWORD E:\www\personal\www.weloong.net\Apps\Home\Conf\config.php 第 9 行.
NOTIC: [8] Undefined index: MYSQLDB_PORT E:\www\personal\www.weloong.net\Apps\Home\Conf\config.php 第 10 行.
ERR: 1046:No database selected
 [ SQL语句 ] : SHOW COLUMNS FROM `db_model\_user`
ERR: 1046:No database selected
 [ SQL语句 ] : SELECT * FROM `db_model\_user` 

[ 2014-09-19T11:20:33+08:00 ] 127.0.0.1 /www.weloong.net/index.php
INFO: [ app_init ] --START--
INFO: Run Behavior\BuildLiteBehavior [ RunTime:0.000014s ]
INFO: [ app_init ] --END-- [ RunTime:0.000073s ]
NOTIC: [8] Undefined index: MYSQLDB_HOST E:\www\personal\www.weloong.net\Apps\Home\Conf\config.php 第 6 行.
NOTIC: [8] Undefined index: MYSQLDB_NAME E:\www\personal\www.weloong.net\Apps\Home\Conf\config.php 第 7 行.
NOTIC: [8] Undefined index: MYSQLDB_USER E:\www\personal\www.weloong.net\Apps\Home\Conf\config.php 第 8 行.
NOTIC: [8] Undefined index: MYSQLDB_PASSWORD E:\www\personal\www.weloong.net\Apps\Home\Conf\config.php 第 9 行.
NOTIC: [8] Undefined index: MYSQLDB_PORT E:\www\personal\www.weloong.net\Apps\Home\Conf\config.php 第 10 行.
ERR: 1046:No database selected
 [ SQL语句 ] : SHOW COLUMNS FROM `user`
ERR: 1046:No database selected
 [ SQL语句 ] : SELECT * FROM `user` 

[ 2014-09-19T11:20:39+08:00 ] 127.0.0.1 /www.weloong.net/index.php
INFO: [ app_init ] --START--
INFO: Run Behavior\BuildLiteBehavior [ RunTime:0.000021s ]
INFO: [ app_init ] --END-- [ RunTime:0.000111s ]
NOTIC: [8] Undefined index: MYSQLDB_HOST E:\www\personal\www.weloong.net\Apps\Home\Conf\config.php 第 6 行.
NOTIC: [8] Undefined index: MYSQLDB_NAME E:\www\personal\www.weloong.net\Apps\Home\Conf\config.php 第 7 行.
NOTIC: [8] Undefined index: MYSQLDB_USER E:\www\personal\www.weloong.net\Apps\Home\Conf\config.php 第 8 行.
NOTIC: [8] Undefined index: MYSQLDB_PASSWORD E:\www\personal\www.weloong.net\Apps\Home\Conf\config.php 第 9 行.
NOTIC: [8] Undefined index: MYSQLDB_PORT E:\www\personal\www.weloong.net\Apps\Home\Conf\config.php 第 10 行.
ERR: 1046:No database selected
 [ SQL语句 ] : SHOW COLUMNS FROM `user`
ERR: 1046:No database selected
 [ SQL语句 ] : SELECT * FROM `user` 

[ 2014-09-19T11:36:14+08:00 ] 127.0.0.1 /www.weloong.net/index.php
INFO: [ app_init ] --START--
INFO: Run Behavior\BuildLiteBehavior [ RunTime:0.000015s ]
INFO: [ app_init ] --END-- [ RunTime:0.000080s ]
NOTIC: [8] Undefined index: MYSQLDB_HOST E:\www\personal\www.weloong.net\Apps\Home\Conf\config.php 第 6 行.
NOTIC: [8] Undefined index: MYSQLDB_NAME E:\www\personal\www.weloong.net\Apps\Home\Conf\config.php 第 7 行.
NOTIC: [8] Undefined index: MYSQLDB_USER E:\www\personal\www.weloong.net\Apps\Home\Conf\config.php 第 8 行.
NOTIC: [8] Undefined index: MYSQLDB_PASSWORD E:\www\personal\www.weloong.net\Apps\Home\Conf\config.php 第 9 行.
NOTIC: [8] Undefined index: MYSQLDB_PORT E:\www\personal\www.weloong.net\Apps\Home\Conf\config.php 第 10 行.
ERR: 1046:No database selected
 [ SQL语句 ] : SHOW COLUMNS FROM `user`
ERR: 1046:No database selected
 [ SQL语句 ] : SELECT * FROM `user` 

[ 2014-09-19T11:40:38+08:00 ] 127.0.0.1 /www.weloong.net/index.php
INFO: [ app_init ] --START--
INFO: Run Behavior\BuildLiteBehavior [ RunTime:0.000016s ]
INFO: [ app_init ] --END-- [ RunTime:0.000086s ]
NOTIC: [8] Undefined index: MYSQLDB_HOST E:\www\personal\www.weloong.net\Apps\Home\Conf\config.php 第 6 行.
NOTIC: [8] Undefined index: MYSQLDB_NAME E:\www\personal\www.weloong.net\Apps\Home\Conf\config.php 第 7 行.
NOTIC: [8] Undefined index: MYSQLDB_USER E:\www\personal\www.weloong.net\Apps\Home\Conf\config.php 第 8 行.
NOTIC: [8] Undefined index: MYSQLDB_PASSWORD E:\www\personal\www.weloong.net\Apps\Home\Conf\config.php 第 9 行.
NOTIC: [8] Undefined index: MYSQLDB_PORT E:\www\personal\www.weloong.net\Apps\Home\Conf\config.php 第 10 行.

[ 2014-09-19T11:40:57+08:00 ] 127.0.0.1 /www.weloong.net/index.php
INFO: [ app_init ] --START--
INFO: Run Behavior\BuildLiteBehavior [ RunTime:0.000018s ]
INFO: [ app_init ] --END-- [ RunTime:0.000094s ]
NOTIC: [8] Undefined index: MYSQLDB_HOST E:\www\personal\www.weloong.net\Apps\Home\Conf\config.php 第 6 行.
NOTIC: [8] Undefined index: MYSQLDB_NAME E:\www\personal\www.weloong.net\Apps\Home\Conf\config.php 第 7 行.
NOTIC: [8] Undefined index: MYSQLDB_USER E:\www\personal\www.weloong.net\Apps\Home\Conf\config.php 第 8 行.
NOTIC: [8] Undefined index: MYSQLDB_PASSWORD E:\www\personal\www.weloong.net\Apps\Home\Conf\config.php 第 9 行.
NOTIC: [8] Undefined index: MYSQLDB_PORT E:\www\personal\www.weloong.net\Apps\Home\Conf\config.php 第 10 行.
ERR: 1046:No database selected
 [ SQL语句 ] : SHOW COLUMNS FROM `user`
ERR: 1046:No database selected
 [ SQL语句 ] : SELECT * FROM `user` 

[ 2014-09-19T11:41:18+08:00 ] 127.0.0.1 /www.weloong.net/index.php
INFO: [ app_init ] --START--
INFO: Run Behavior\BuildLiteBehavior [ RunTime:0.000015s ]
INFO: [ app_init ] --END-- [ RunTime:0.000082s ]
NOTIC: [8] Undefined index: MYSQLDB_HOST E:\www\personal\www.weloong.net\Apps\Home\Conf\config.php 第 6 行.
NOTIC: [8] Undefined index: MYSQLDB_NAME E:\www\personal\www.weloong.net\Apps\Home\Conf\config.php 第 7 行.
NOTIC: [8] Undefined index: MYSQLDB_USER E:\www\personal\www.weloong.net\Apps\Home\Conf\config.php 第 8 行.
NOTIC: [8] Undefined index: MYSQLDB_PASSWORD E:\www\personal\www.weloong.net\Apps\Home\Conf\config.php 第 9 行.
NOTIC: [8] Undefined index: MYSQLDB_PORT E:\www\personal\www.weloong.net\Apps\Home\Conf\config.php 第 10 行.
ERR: 1046:No database selected
 [ SQL语句 ] : SHOW COLUMNS FROM `user`
ERR: 1046:No database selected
 [ SQL语句 ] : SELECT * FROM `user` 

[ 2014-09-19T11:43:49+08:00 ] 127.0.0.1 /www.weloong.net/index.php
INFO: [ app_init ] --START--
INFO: Run Behavior\BuildLiteBehavior [ RunTime:0.000014s ]
INFO: [ app_init ] --END-- [ RunTime:0.000078s ]
NOTIC: [8] Undefined index: MYSQLDB_HOST E:\www\personal\www.weloong.net\Apps\Home\Conf\config.php 第 6 行.
NOTIC: [8] Undefined index: MYSQLDB_NAME E:\www\personal\www.weloong.net\Apps\Home\Conf\config.php 第 7 行.
NOTIC: [8] Undefined index: MYSQLDB_USER E:\www\personal\www.weloong.net\Apps\Home\Conf\config.php 第 8 行.
NOTIC: [8] Undefined index: MYSQLDB_PASSWORD E:\www\personal\www.weloong.net\Apps\Home\Conf\config.php 第 9 行.
NOTIC: [8] Undefined index: MYSQLDB_PORT E:\www\personal\www.weloong.net\Apps\Home\Conf\config.php 第 10 行.
ERR: 1046:No database selected
 [ SQL语句 ] : SHOW COLUMNS FROM `user`
ERR: 1046:No database selected
 [ SQL语句 ] : SHOW COLUMNS FROM `user`
ERR: 1046:No database selected
 [ SQL语句 ] : SELECT * FROM `user` 

[ 2014-09-19T11:45:07+08:00 ] 127.0.0.1 /www.weloong.net/index.php
INFO: [ app_init ] --START--
INFO: Run Behavior\BuildLiteBehavior [ RunTime:0.000014s ]
INFO: [ app_init ] --END-- [ RunTime:0.000073s ]
NOTIC: [8] Undefined index: MYSQLDB_HOST E:\www\personal\www.weloong.net\Apps\Home\Conf\config.php 第 6 行.
NOTIC: [8] Undefined index: MYSQLDB_NAME E:\www\personal\www.weloong.net\Apps\Home\Conf\config.php 第 7 行.
NOTIC: [8] Undefined index: MYSQLDB_USER E:\www\personal\www.weloong.net\Apps\Home\Conf\config.php 第 8 行.
NOTIC: [8] Undefined index: MYSQLDB_PASSWORD E:\www\personal\www.weloong.net\Apps\Home\Conf\config.php 第 9 行.
NOTIC: [8] Undefined index: MYSQLDB_PORT E:\www\personal\www.weloong.net\Apps\Home\Conf\config.php 第 10 行.

[ 2014-09-19T11:45:34+08:00 ] 127.0.0.1 /www.weloong.net/index.php
INFO: [ app_init ] --START--
INFO: Run Behavior\BuildLiteBehavior [ RunTime:0.000014s ]
INFO: [ app_init ] --END-- [ RunTime:0.000072s ]
NOTIC: [8] Undefined index: MYSQLDB_HOST E:\www\personal\www.weloong.net\Apps\Home\Conf\config.php 第 6 行.
NOTIC: [8] Undefined index: MYSQLDB_NAME E:\www\personal\www.weloong.net\Apps\Home\Conf\config.php 第 7 行.
NOTIC: [8] Undefined index: MYSQLDB_USER E:\www\personal\www.weloong.net\Apps\Home\Conf\config.php 第 8 行.
NOTIC: [8] Undefined index: MYSQLDB_PASSWORD E:\www\personal\www.weloong.net\Apps\Home\Conf\config.php 第 9 行.
NOTIC: [8] Undefined index: MYSQLDB_PORT E:\www\personal\www.weloong.net\Apps\Home\Conf\config.php 第 10 行.
ERR: 1046:No database selected
 [ SQL语句 ] : SHOW COLUMNS FROM `user`
ERR: 1046:No database selected
 [ SQL语句 ] : SELECT * FROM `user` 

[ 2014-09-19T11:48:55+08:00 ] 127.0.0.1 /www.weloong.net/index.php
INFO: [ app_init ] --START--
INFO: Run Behavior\BuildLiteBehavior [ RunTime:0.000014s ]
INFO: [ app_init ] --END-- [ RunTime:0.000075s ]
NOTIC: [8] Undefined index: MYSQLDB_HOST E:\www\personal\www.weloong.net\Apps\Home\Conf\config.php 第 6 行.
NOTIC: [8] Undefined index: MYSQLDB_NAME E:\www\personal\www.weloong.net\Apps\Home\Conf\config.php 第 7 行.
NOTIC: [8] Undefined index: MYSQLDB_USER E:\www\personal\www.weloong.net\Apps\Home\Conf\config.php 第 8 行.
NOTIC: [8] Undefined index: MYSQLDB_PASSWORD E:\www\personal\www.weloong.net\Apps\Home\Conf\config.php 第 9 行.
NOTIC: [8] Undefined index: MYSQLDB_PORT E:\www\personal\www.weloong.net\Apps\Home\Conf\config.php 第 10 行.
ERR: 1046:No database selected
 [ SQL语句 ] : SHOW COLUMNS FROM `user`
ERR: 1046:No database selected
 [ SQL语句 ] : SELECT * FROM user

[ 2014-09-19T11:49:40+08:00 ] 127.0.0.1 /www.weloong.net/index.php
INFO: [ app_init ] --START--
INFO: Run Behavior\BuildLiteBehavior [ RunTime:0.000024s ]
INFO: [ app_init ] --END-- [ RunTime:0.000139s ]
NOTIC: [8] Undefined index: MYSQLDB_HOST E:\www\personal\www.weloong.net\Apps\Home\Conf\config.php 第 6 行.
NOTIC: [8] Undefined index: MYSQLDB_NAME E:\www\personal\www.weloong.net\Apps\Home\Conf\config.php 第 7 行.
NOTIC: [8] Undefined index: MYSQLDB_USER E:\www\personal\www.weloong.net\Apps\Home\Conf\config.php 第 8 行.
NOTIC: [8] Undefined index: MYSQLDB_PASSWORD E:\www\personal\www.weloong.net\Apps\Home\Conf\config.php 第 9 行.
NOTIC: [8] Undefined index: MYSQLDB_PORT E:\www\personal\www.weloong.net\Apps\Home\Conf\config.php 第 10 行.

[ 2014-09-19T13:14:45+08:00 ] 127.0.0.1 /www.weloong.net/index.php
INFO: [ app_init ] --START--
INFO: Run Behavior\BuildLiteBehavior [ RunTime:0.000020s ]
INFO: [ app_init ] --END-- [ RunTime:0.014798s ]
INFO: [ app_begin ] --START--
INFO: Run Behavior\ReadHtmlCacheBehavior [ RunTime:0.006847s ]
INFO: [ app_begin ] --END-- [ RunTime:0.006953s ]
SQL: SHOW COLUMNS FROM `user` [ RunTime:0.000243s ]
ERR: 1046:No database selected
 [ SQL语句 ] : SHOW COLUMNS FROM `user`
SQL: SELECT * FROM `user`  [ RunTime:0.000194s ]
ERR: 1046:No database selected
 [ SQL语句 ] : SELECT * FROM `user` 
INFO: [ view_parse ] --START--
INFO: Run Behavior\ParseTemplateBehavior [ RunTime:0.004231s ]
INFO: [ view_parse ] --END-- [ RunTime:0.004370s ]
INFO: [ view_filter ] --START--
INFO: Run Behavior\WriteHtmlCacheBehavior [ RunTime:0.015791s ]
INFO: [ view_filter ] --END-- [ RunTime:0.015917s ]
INFO: [ view_parse ] --START--
INFO: [ template_filter ] --START--
INFO: Run Behavior\ContentReplaceBehavior [ RunTime:0.014231s ]
INFO: [ template_filter ] --END-- [ RunTime:0.014332s ]
INFO: Run Behavior\ParseTemplateBehavior [ RunTime:0.060932s ]
INFO: [ view_parse ] --END-- [ RunTime:-0.027511s ]
INFO: [ view_filter ] --START--
INFO: Run Behavior\WriteHtmlCacheBehavior [ RunTime:0.000015s ]
INFO: [ view_filter ] --END-- [ RunTime:-0.072565s ]
INFO: [ app_end ] --START--
INFO: Run Behavior\ShowPageTraceBehavior [ RunTime:0.010831s ]
INFO: [ app_end ] --END-- [ RunTime:0.010928s ]

